# JRE version: Java(TM) SE Runtime Environment (8.0_111-b14) (build 1.8.0_111-b14)
# Java VM: Java HotSpot(TM) 64-Bit Server VM (25.111-b14 mixed mode windows-amd64 compressed oops)
Heap:
 PSYoungGen      total 223744K, used 43008K [0x00000000eaf00000, 0x00000000f9c00000, 0x0000000100000000)
  eden space 214016K, 20% used [0x00000000eaf00000,0x00000000ed900088,0x00000000f8000000)
  from space 9728K, 0% used [0x00000000f9280000,0x00000000f9280000,0x00000000f9c00000)
  to   space 14336K, 0% used [0x00000000f8000000,0x00000000f8000000,0x00000000f8e00000)
 ParOldGen       total 58880K, used 21441K [0x00000000c0c00000, 0x00000000c4580000, 0x00000000eaf00000)
  object space 58880K, 36% used [0x00000000c0c00000,0x00000000c20f0400,0x00000000c4580000)
 Metaspace       used 56286K, capacity 59692K, committed 59776K, reserved 1101824K
  class space    used 7657K, capacity 8253K, committed 8320K, reserved 1048576K
GC Heap History (10 events):
Event: 15.524 GC heap before
{Heap before GC invocations=11 (full 1):
 PSYoungGen      total 71680K, used 65536K [0x00000000eaf00000, 0x00000000f2180000, 0x0000000100000000)
  eden space 65536K, 100% used [0x00000000eaf00000,0x00000000eef00000,0x00000000eef00000)
  from space 6144K, 0% used [0x00000000eef00000,0x00000000eef00000,0x00000000ef500000)
  to   space 6144K, 0% used [0x00000000f1b80000,0x00000000f1b80000,0x00000000f2180000)
 ParOldGen       total 27136K, used 6088K [0x00000000c0c00000, 0x00000000c2680000, 0x00000000eaf00000)
  object space 27136K, 22% used [0x00000000c0c00000,0x00000000c11f23b8,0x00000000c2680000)
 Metaspace       used 23350K, capacity 24732K, committed 24832K, reserved 1071104K
  class space    used 2976K, capacity 3270K, committed 3328K, reserved 1048576K
Event: 15.533 GC heap after
Heap after GC invocations=11 (full 1):
 PSYoungGen      total 105984K, used 5974K [0x00000000eaf00000, 0x00000000f2180000, 0x0000000100000000)
  eden space 99840K, 0% used [0x00000000eaf00000,0x00000000eaf00000,0x00000000f1080000)
  from space 6144K, 97% used [0x00000000f1b80000,0x00000000f2155b60,0x00000000f2180000)
  to   space 6656K, 0% used [0x00000000f1480000,0x00000000f1480000,0x00000000f1b00000)
 ParOldGen       total 27136K, used 6088K [0x00000000c0c00000, 0x00000000c2680000, 0x00000000eaf00000)
  object space 27136K, 22% used [0x00000000c0c00000,0x00000000c11f23b8,0x00000000c2680000)
 Metaspace       used 23350K, capacity 24732K, committed 24832K, reserved 1071104K
  class space    used 2976K, capacity 3270K, committed 3328K, reserved 1048576K
}
Event: 24.626 GC heap before
{Heap before GC invocations=12 (full 1):
 PSYoungGen      total 105984K, used 105781K [0x00000000eaf00000, 0x00000000f2180000, 0x0000000100000000)
  eden space 99840K, 99% used [0x00000000eaf00000,0x00000000f1077be8,0x00000000f1080000)
  from space 6144K, 97% used [0x00000000f1b80000,0x00000000f2155b60,0x00000000f2180000)
  to   space 6656K, 0% used [0x00000000f1480000,0x00000000f1480000,0x00000000f1b00000)
 ParOldGen       total 27136K, used 6088K [0x00000000c0c00000, 0x00000000c2680000, 0x00000000eaf00000)
  object space 27136K, 22% used [0x00000000c0c00000,0x00000000c11f23b8,0x00000000c2680000)
 Metaspace       used 30305K, capacity 32320K, committed 32512K, reserved 1077248K
  class space    used 3951K, capacity 4332K, committed 4352K, reserved 1048576K
Event: 24.648 GC heap after
Heap after GC invocations=12 (full 1):
 PSYoungGen      total 110592K, used 6642K [0x00000000eaf00000, 0x00000000f5300000, 0x0000000100000000)
  eden space 103936K, 0% used [0x00000000eaf00000,0x00000000eaf00000,0x00000000f1480000)
  from space 6656K, 99% used [0x00000000f1480000,0x00000000f1afcaa8,0x00000000f1b00000)
  to   space 9216K, 0% used [0x00000000f4a00000,0x00000000f4a00000,0x00000000f5300000)
 ParOldGen       total 27136K, used 10228K [0x00000000c0c00000, 0x00000000c2680000, 0x00000000eaf00000)
  object space 27136K, 37% used [0x00000000c0c00000,0x00000000c15fd288,0x00000000c2680000)
 Metaspace       used 30305K, capacity 32320K, committed 32512K, reserved 1077248K
  class space    used 3951K, capacity 4332K, committed 4352K, reserved 1048576K
}
Event: 33.356 GC heap before
{Heap before GC invocations=13 (full 1):
 PSYoungGen      total 110592K, used 55361K [0x00000000eaf00000, 0x00000000f5300000, 0x0000000100000000)
  eden space 103936K, 46% used [0x00000000eaf00000,0x00000000ede93c38,0x00000000f1480000)
  from space 6656K, 99% used [0x00000000f1480000,0x00000000f1afcaa8,0x00000000f1b00000)
  to   space 9216K, 0% used [0x00000000f4a00000,0x00000000f4a00000,0x00000000f5300000)
 ParOldGen       total 27136K, used 10228K [0x00000000c0c00000, 0x00000000c2680000, 0x00000000eaf00000)
  object space 27136K, 37% used [0x00000000c0c00000,0x00000000c15fd288,0x00000000c2680000)
 Metaspace       used 33118K, capacity 35288K, committed 35416K, reserved 1079296K
  class space    used 4320K, capacity 4738K, committed 4864K, reserved 1048576K
Event: 33.409 GC heap after
Heap after GC invocations=13 (full 1):
 PSYoungGen      total 159232K, used 3249K [0x00000000eaf00000, 0x00000000f5600000, 0x0000000100000000)
  eden space 150016K, 0% used [0x00000000eaf00000,0x00000000eaf00000,0x00000000f4180000)
  from space 9216K, 35% used [0x00000000f4a00000,0x00000000f4d2c570,0x00000000f5300000)
  to   space 8704K, 0% used [0x00000000f4180000,0x00000000f4180000,0x00000000f4a00000)
 ParOldGen       total 27136K, used 14360K [0x00000000c0c00000, 0x00000000c2680000, 0x00000000eaf00000)
  object space 27136K, 52% used [0x00000000c0c00000,0x00000000c1a06358,0x00000000c2680000)
 Metaspace       used 33118K, capacity 35288K, committed 35416K, reserved 1079296K
  class space    used 4320K, capacity 4738K, committed 4864K, reserved 1048576K
}
Event: 33.409 GC heap before
{Heap before GC invocations=14 (full 2):
 PSYoungGen      total 159232K, used 3249K [0x00000000eaf00000, 0x00000000f5600000, 0x0000000100000000)
  eden space 150016K, 0% used [0x00000000eaf00000,0x00000000eaf00000,0x00000000f4180000)
  from space 9216K, 35% used [0x00000000f4a00000,0x00000000f4d2c570,0x00000000f5300000)
  to   space 8704K, 0% used [0x00000000f4180000,0x00000000f4180000,0x00000000f4a00000)
 ParOldGen       total 27136K, used 14360K [0x00000000c0c00000, 0x00000000c2680000, 0x00000000eaf00000)
  object space 27136K, 52% used [0x00000000c0c00000,0x00000000c1a06358,0x00000000c2680000)
 Metaspace       used 33118K, capacity 35288K, committed 35416K, reserved 1079296K
  class space    used 4320K, capacity 4738K, committed 4864K, reserved 1048576K
Event: 33.549 GC heap after
Heap after GC invocations=14 (full 2):
 PSYoungGen      total 159232K, used 0K [0x00000000eaf00000, 0x00000000f5600000, 0x0000000100000000)
  eden space 150016K, 0% used [0x00000000eaf00000,0x00000000eaf00000,0x00000000f4180000)
  from space 9216K, 0% used [0x00000000f4a00000,0x00000000f4a00000,0x00000000f5300000)
  to   space 8704K, 0% used [0x00000000f4180000,0x00000000f4180000,0x00000000f4a00000)
 ParOldGen       total 40960K, used 14051K [0x00000000c0c00000, 0x00000000c3400000, 0x00000000eaf00000)
  object space 40960K, 34% used [0x00000000c0c00000,0x00000000c19b8fc0,0x00000000c3400000)
 Metaspace       used 33118K, capacity 35288K, committed 35416K, reserved 1079296K
  class space    used 4320K, capacity 4738K, committed 4864K, reserved 1048576K
}
Event: 67.484 GC heap before
{Heap before GC invocations=15 (full 2):
 PSYoungGen      total 159232K, used 150016K [0x00000000eaf00000, 0x00000000f5600000, 0x0000000100000000)
  eden space 150016K, 100% used [0x00000000eaf00000,0x00000000f4180000,0x00000000f4180000)
  from space 9216K, 0% used [0x00000000f4a00000,0x00000000f4a00000,0x00000000f5300000)
  to   space 8704K, 0% used [0x00000000f4180000,0x00000000f4180000,0x00000000f4a00000)
 ParOldGen       total 40960K, used 14051K [0x00000000c0c00000, 0x00000000c3400000, 0x00000000eaf00000)
  object space 40960K, 34% used [0x00000000c0c00000,0x00000000c19b8fc0,0x00000000c3400000)
 Metaspace       used 52765K, capacity 55844K, committed 55936K, reserved 1097728K
  class space    used 7209K, capacity 7755K, committed 7808K, reserved 1048576K
Event: 67.529 GC heap after
Heap after GC invocations=15 (full 2):
 PSYoungGen      total 158720K, used 8691K [0x00000000eaf00000, 0x00000000fa100000, 0x0000000100000000)
  eden space 150016K, 0% used [0x00000000eaf00000,0x00000000eaf00000,0x00000000f4180000)
  from space 8704K, 99% used [0x00000000f4180000,0x00000000f49fcce8,0x00000000f4a00000)
  to   space 14848K, 0% used [0x00000000f9280000,0x00000000f9280000,0x00000000fa100000)
 ParOldGen       total 40960K, used 26929K [0x00000000c0c00000, 0x00000000c3400000, 0x00000000eaf00000)
  object space 40960K, 65% used [0x00000000c0c00000,0x00000000c264c418,0x00000000c3400000)
 Metaspace       used 52765K, capacity 55844K, committed 55936K, reserved 1097728K
  class space    used 7209K, capacity 7755K, committed 7808K, reserved 1048576K
}

