# JRE version: Java(TM) SE Runtime Environment (8.0_111-b14) (build 1.8.0_111-b14)
# Java VM: Java HotSpot(TM) 64-Bit Server VM (25.111-b14 mixed mode windows-amd64 compressed oops)
Heap:
 PSYoungGen      total 119296K, used 58227K [0x00000000eaf00000, 0x00000000f3600000, 0x0000000100000000)
  eden space 109568K, 44% used [0x00000000eaf00000,0x00000000ede5d920,0x00000000f1a00000)
  from space 9728K, 99% used [0x00000000f2600000,0x00000000f2f7f308,0x00000000f2f80000)
  to   space 12288K, 0% used [0x00000000f1a00000,0x00000000f1a00000,0x00000000f2600000)
 ParOldGen       total 45568K, used 17891K [0x00000000c0c00000, 0x00000000c3880000, 0x00000000eaf00000)
  object space 45568K, 39% used [0x00000000c0c00000,0x00000000c1d78e88,0x00000000c3880000)
 Metaspace       used 50650K, capacity 53296K, committed 53504K, reserved 1095680K
  class space    used 6918K, capacity 7413K, committed 7424K, reserved 1048576K
GC Heap History (10 events):
Event: 19.552 GC heap before
{Heap before GC invocations=10 (full 1):
 PSYoungGen      total 59392K, used 59317K [0x00000000eaf00000, 0x00000000ef780000, 0x0000000100000000)
  eden space 56832K, 100% used [0x00000000eaf00000,0x00000000ee680000,0x00000000ee680000)
  from space 2560K, 97% used [0x00000000ef500000,0x00000000ef76d400,0x00000000ef780000)
  to   space 8192K, 0% used [0x00000000ee780000,0x00000000ee780000,0x00000000eef80000)
 ParOldGen       total 36352K, used 11867K [0x00000000c0c00000, 0x00000000c2f80000, 0x00000000eaf00000)
  object space 36352K, 32% used [0x00000000c0c00000,0x00000000c1796fb0,0x00000000c2f80000)
 Metaspace       used 24968K, capacity 26402K, committed 26624K, reserved 1073152K
  class space    used 3191K, capacity 3475K, committed 3584K, reserved 1048576K
Event: 19.581 GC heap after
Heap after GC invocations=10 (full 1):
 PSYoungGen      total 66048K, used 6812K [0x00000000eaf00000, 0x00000000f1080000, 0x0000000100000000)
  eden space 57856K, 0% used [0x00000000eaf00000,0x00000000eaf00000,0x00000000ee780000)
  from space 8192K, 83% used [0x00000000ee780000,0x00000000eee273b0,0x00000000eef80000)
  to   space 8704K, 0% used [0x00000000f0800000,0x00000000f0800000,0x00000000f1080000)
 ParOldGen       total 36352K, used 11875K [0x00000000c0c00000, 0x00000000c2f80000, 0x00000000eaf00000)
  object space 36352K, 32% used [0x00000000c0c00000,0x00000000c1798fb0,0x00000000c2f80000)
 Metaspace       used 24968K, capacity 26402K, committed 26624K, reserved 1073152K
  class space    used 3191K, capacity 3475K, committed 3584K, reserved 1048576K
}
Event: 33.442 GC heap before
{Heap before GC invocations=11 (full 1):
 PSYoungGen      total 66048K, used 64647K [0x00000000eaf00000, 0x00000000f1080000, 0x0000000100000000)
  eden space 57856K, 99% used [0x00000000eaf00000,0x00000000ee77a870,0x00000000ee780000)
  from space 8192K, 83% used [0x00000000ee780000,0x00000000eee273b0,0x00000000eef80000)
  to   space 8704K, 0% used [0x00000000f0800000,0x00000000f0800000,0x00000000f1080000)
 ParOldGen       total 36352K, used 11875K [0x00000000c0c00000, 0x00000000c2f80000, 0x00000000eaf00000)
  object space 36352K, 32% used [0x00000000c0c00000,0x00000000c1798fb0,0x00000000c2f80000)
 Metaspace       used 30301K, capacity 32320K, committed 32512K, reserved 1077248K
  class space    used 3947K, capacity 4332K, committed 4352K, reserved 1048576K
Event: 33.461 GC heap after
Heap after GC invocations=11 (full 1):
 PSYoungGen      total 90112K, used 8287K [0x00000000eaf00000, 0x00000000f1180000, 0x0000000100000000)
  eden space 81408K, 0% used [0x00000000eaf00000,0x00000000eaf00000,0x00000000efe80000)
  from space 8704K, 95% used [0x00000000f0800000,0x00000000f1017f18,0x00000000f1080000)
  to   space 9728K, 0% used [0x00000000efe80000,0x00000000efe80000,0x00000000f0800000)
 ParOldGen       total 36352K, used 12867K [0x00000000c0c00000, 0x00000000c2f80000, 0x00000000eaf00000)
  object space 36352K, 35% used [0x00000000c0c00000,0x00000000c1890fb0,0x00000000c2f80000)
 Metaspace       used 30301K, capacity 32320K, committed 32512K, reserved 1077248K
  class space    used 3947K, capacity 4332K, committed 4352K, reserved 1048576K
}
Event: 37.398 GC heap before
{Heap before GC invocations=12 (full 1):
 PSYoungGen      total 90112K, used 75225K [0x00000000eaf00000, 0x00000000f1180000, 0x0000000100000000)
  eden space 81408K, 82% used [0x00000000eaf00000,0x00000000ef05e5d8,0x00000000efe80000)
  from space 8704K, 95% used [0x00000000f0800000,0x00000000f1017f18,0x00000000f1080000)
  to   space 9728K, 0% used [0x00000000efe80000,0x00000000efe80000,0x00000000f0800000)
 ParOldGen       total 36352K, used 12867K [0x00000000c0c00000, 0x00000000c2f80000, 0x00000000eaf00000)
  object space 36352K, 35% used [0x00000000c0c00000,0x00000000c1890fb0,0x00000000c2f80000)
 Metaspace       used 33115K, capacity 35288K, committed 35416K, reserved 1079296K
  class space    used 4320K, capacity 4738K, committed 4864K, reserved 1048576K
Event: 37.414 GC heap after
Heap after GC invocations=12 (full 1):
 PSYoungGen      total 91136K, used 3335K [0x00000000eaf00000, 0x00000000f2f80000, 0x0000000100000000)
  eden space 81408K, 0% used [0x00000000eaf00000,0x00000000eaf00000,0x00000000efe80000)
  from space 9728K, 34% used [0x00000000efe80000,0x00000000f01c1e00,0x00000000f0800000)
  to   space 9728K, 0% used [0x00000000f2600000,0x00000000f2600000,0x00000000f2f80000)
 ParOldGen       total 36352K, used 18088K [0x00000000c0c00000, 0x00000000c2f80000, 0x00000000eaf00000)
  object space 36352K, 49% used [0x00000000c0c00000,0x00000000c1daa090,0x00000000c2f80000)
 Metaspace       used 33115K, capacity 35288K, committed 35416K, reserved 1079296K
  class space    used 4320K, capacity 4738K, committed 4864K, reserved 1048576K
}
Event: 37.415 GC heap before
{Heap before GC invocations=13 (full 2):
 PSYoungGen      total 91136K, used 3335K [0x00000000eaf00000, 0x00000000f2f80000, 0x0000000100000000)
  eden space 81408K, 0% used [0x00000000eaf00000,0x00000000eaf00000,0x00000000efe80000)
  from space 9728K, 34% used [0x00000000efe80000,0x00000000f01c1e00,0x00000000f0800000)
  to   space 9728K, 0% used [0x00000000f2600000,0x00000000f2600000,0x00000000f2f80000)
 ParOldGen       total 36352K, used 18088K [0x00000000c0c00000, 0x00000000c2f80000, 0x00000000eaf00000)
  object space 36352K, 49% used [0x00000000c0c00000,0x00000000c1daa090,0x00000000c2f80000)
 Metaspace       used 33115K, capacity 35288K, committed 35416K, reserved 1079296K
  class space    used 4320K, capacity 4738K, committed 4864K, reserved 1048576K
Event: 37.541 GC heap after
Heap after GC invocations=13 (full 2):
 PSYoungGen      total 91136K, used 0K [0x00000000eaf00000, 0x00000000f2f80000, 0x0000000100000000)
  eden space 81408K, 0% used [0x00000000eaf00000,0x00000000eaf00000,0x00000000efe80000)
  from space 9728K, 0% used [0x00000000efe80000,0x00000000efe80000,0x00000000f0800000)
  to   space 9728K, 0% used [0x00000000f2600000,0x00000000f2600000,0x00000000f2f80000)
 ParOldGen       total 45568K, used 14020K [0x00000000c0c00000, 0x00000000c3880000, 0x00000000eaf00000)
  object space 45568K, 30% used [0x00000000c0c00000,0x00000000c19b1150,0x00000000c3880000)
 Metaspace       used 33115K, capacity 35288K, committed 35416K, reserved 1079296K
  class space    used 4320K, capacity 4738K, committed 4864K, reserved 1048576K
}
Event: 44.746 GC heap before
{Heap before GC invocations=14 (full 2):
 PSYoungGen      total 91136K, used 81408K [0x00000000eaf00000, 0x00000000f2f80000, 0x0000000100000000)
  eden space 81408K, 100% used [0x00000000eaf00000,0x00000000efe80000,0x00000000efe80000)
  from space 9728K, 0% used [0x00000000efe80000,0x00000000efe80000,0x00000000f0800000)
  to   space 9728K, 0% used [0x00000000f2600000,0x00000000f2600000,0x00000000f2f80000)
 ParOldGen       total 45568K, used 14020K [0x00000000c0c00000, 0x00000000c3880000, 0x00000000eaf00000)
  object space 45568K, 30% used [0x00000000c0c00000,0x00000000c19b1150,0x00000000c3880000)
 Metaspace       used 45567K, capacity 48090K, committed 48128K, reserved 1091584K
  class space    used 6124K, capacity 6626K, committed 6656K, reserved 1048576K
Event: 44.767 GC heap after
Heap after GC invocations=14 (full 2):
 PSYoungGen      total 119296K, used 9724K [0x00000000eaf00000, 0x00000000f3600000, 0x0000000100000000)
  eden space 109568K, 0% used [0x00000000eaf00000,0x00000000eaf00000,0x00000000f1a00000)
  from space 9728K, 99% used [0x00000000f2600000,0x00000000f2f7f308,0x00000000f2f80000)
  to   space 12288K, 0% used [0x00000000f1a00000,0x00000000f1a00000,0x00000000f2600000)
 ParOldGen       total 45568K, used 17891K [0x00000000c0c00000, 0x00000000c3880000, 0x00000000eaf00000)
  object space 45568K, 39% used [0x00000000c0c00000,0x00000000c1d78e88,0x00000000c3880000)
 Metaspace       used 45567K, capacity 48090K, committed 48128K, reserved 1091584K
  class space    used 6124K, capacity 6626K, committed 6656K, reserved 1048576K
}

